2025-11-29 16:23:15.748456 p45 I    ++++ Admin started @ ActorAddr-(T|:19000) / gen (3, 10)
2025-11-29 16:23:15.770308 p45 I    Pending Actor request received for mTree.server.actor_system_startup.SimpleSourceAuthority reqs None from ActorAddr-(T|:45517)
2025-11-29 16:23:15.779996 p47 I    Starting Actor mTree.server.actor_system_startup.SimpleSourceAuthority at ActorAddr-(T|:33019) (parent ActorAddr-(T|:19000), admin ActorAddr-(T|:19000), srcHash None)
2025-11-29 16:25:12.986850 p45 I    ---- shutdown completed
2025-11-29 16:27:57.091209 p33 I    ++++ Admin started @ ActorAddr-(T|:19000) / gen (3, 10)
2025-11-29 16:27:57.109956 p33 I    Pending Actor request received for mTree.server.actor_system_startup.SimpleSourceAuthority reqs None from ActorAddr-(T|:43981)
2025-11-29 16:27:57.120688 p35 I    Starting Actor mTree.server.actor_system_startup.SimpleSourceAuthority at ActorAddr-(T|:46585) (parent ActorAddr-(T|:19000), admin ActorAddr-(T|:19000), srcHash None)
2025-11-29 16:28:09.705514 p33 I    Pending Actor request received for mTree.microeconomic_system.dispatcher.Dispatcher reqs None from ActorAddr-(T|:37117)
2025-11-29 16:28:09.713746 p79 I    Starting Actor mTree.microeconomic_system.dispatcher.Dispatcher at ActorAddr-(T|:42809) (parent ActorAddr-(T|:19000), admin ActorAddr-(T|:19000), srcHash None)
2025-11-29 16:28:09.725167 p79 I    Handling exception on msg "<Message Sender: , Recipients: , Directive: simulation_configurations, Content: {'mtree_type': 'mes_simulation_description', 'name': None, 'id': '6465e7ee-cd40-11f0-9c8a-9b27da5dbf7e', 'description': None, 'environment': 'rps_environment', 'institutions': ['rps_institution'], 'number_of_runs': None, 'agents': ['human_agent', 'computer_agent'], 'properties': {'num_rounds': 5, 'institution_address': 'institution_1'}, 'data_logging': None, 'source_hash': '898b251b1af70067dbc881e2c4468c4c', 'simulation_run_id': 'rps_config-2025_11_29-04_28_09_PM', 'mes_directory': '/root'}>": unsupported operand type(s) for +: 'NoneType' and 'int'
2025-11-29 16:28:09.732679 p79 Warn Actor mTree.microeconomic_system.dispatcher.Dispatcher @ ActorAddr-(T|:42809) retryable exception on message <Message Sender: , Recipients: , Directive: simulation_configurations, Content: {'mtree_type': 'mes_simulation_description', 'name': None, 'id': '6465e7ee-cd40-11f0-9c8a-9b27da5dbf7e', 'description': None, 'environment': 'rps_environment', 'institutions': ['rps_institution'], 'number_of_runs': None, 'agents': ['human_agent', 'computer_agent'], 'properties': {'num_rounds': 5, 'institution_address': 'institution_1'}, 'data_logging': None, 'source_hash': '898b251b1af70067dbc881e2c4468c4c', 'simulation_run_id': 'rps_config-2025_11_29-04_28_09_PM', 'mes_directory': '/root'}>: Traceback (most recent call last):
  File "/opt/conda/lib/python3.9/site-packages/thespian-3.10.6-py3.9.egg/thespian/system/actorManager.py", line 164, in _handleOneMessage
    actor_result = self.actorInst.receiveMessage(msg, envelope.sender)
  File "/mtree/mTree/microeconomic_system/dispatcher.py", line 515, in receiveMessage
    self.prepare_simulation_run(message.get_payload())
  File "/mtree/mTree/microeconomic_system/dispatcher.py", line 415, in prepare_simulation_run
    for run_number in range(1, total_runs+1):
TypeError: unsupported operand type(s) for +: 'NoneType' and 'int'

2025-11-29 16:28:09.740169 p79 I    Actor mTree.microeconomic_system.dispatcher.Dispatcher @ ActorAddr-(T|:42809) second exception on message <Message Sender: , Recipients: , Directive: simulation_configurations, Content: {'mtree_type': 'mes_simulation_description', 'name': None, 'id': '6465e7ee-cd40-11f0-9c8a-9b27da5dbf7e', 'description': None, 'environment': 'rps_environment', 'institutions': ['rps_institution'], 'number_of_runs': None, 'agents': ['human_agent', 'computer_agent'], 'properties': {'num_rounds': 5, 'institution_address': 'institution_1'}, 'data_logging': None, 'source_hash': '898b251b1af70067dbc881e2c4468c4c', 'simulation_run_id': 'rps_config-2025_11_29-04_28_09_PM', 'mes_directory': '/root'}>: Traceback (most recent call last):
  File "/opt/conda/lib/python3.9/site-packages/thespian-3.10.6-py3.9.egg/thespian/system/actorManager.py", line 164, in _handleOneMessage
    actor_result = self.actorInst.receiveMessage(msg, envelope.sender)
  File "/mtree/mTree/microeconomic_system/dispatcher.py", line 515, in receiveMessage
    self.prepare_simulation_run(message.get_payload())
  File "/mtree/mTree/microeconomic_system/dispatcher.py", line 415, in prepare_simulation_run
    for run_number in range(1, total_runs+1):
TypeError: unsupported operand type(s) for +: 'NoneType' and 'int'

During handling of the above exception, another exception occurred:

Traceback (most recent call last):
  File "/opt/conda/lib/python3.9/site-packages/thespian-3.10.6-py3.9.egg/thespian/system/actorManager.py", line 179, in _handleOneMessage
    actor_result = self.actorInst.receiveMessage(copy.deepcopy(msg), envelope.sender)
  File "/mtree/mTree/microeconomic_system/dispatcher.py", line 515, in receiveMessage
    self.prepare_simulation_run(message.get_payload())
  File "/mtree/mTree/microeconomic_system/dispatcher.py", line 415, in prepare_simulation_run
    for run_number in range(1, total_runs+1):
TypeError: unsupported operand type(s) for +: 'NoneType' and 'int'

2025-11-29 16:28:52.193280 p8 Warn Expected shutdown completed message, got: []
2025-11-29 16:28:52.193303 p33 I    ---- shutdown completed
2025-11-29 16:41:38.822764 p83 I    ++++ Admin started @ ActorAddr-(T|:19000) / gen (3, 10)
2025-11-29 16:41:38.845605 p83 I    Pending Actor request received for mTree.server.actor_system_startup.SimpleSourceAuthority reqs None from ActorAddr-(T|:44657)
2025-11-29 16:41:38.860116 p85 I    Starting Actor mTree.server.actor_system_startup.SimpleSourceAuthority at ActorAddr-(T|:34345) (parent ActorAddr-(T|:19000), admin ActorAddr-(T|:19000), srcHash None)
2025-11-29 16:41:54.339215 p83 I    ---- shutdown completed
2025-11-29 16:44:13.935583 p32 I    ++++ Admin started @ ActorAddr-(T|:19000) / gen (3, 10)
2025-11-29 16:44:13.956231 p32 I    Pending Actor request received for mTree.server.actor_system_startup.SimpleSourceAuthority reqs None from ActorAddr-(T|:34549)
2025-11-29 16:44:13.966765 p34 I    Starting Actor mTree.server.actor_system_startup.SimpleSourceAuthority at ActorAddr-(T|:38881) (parent ActorAddr-(T|:19000), admin ActorAddr-(T|:19000), srcHash None)
2025-11-29 16:44:28.050192 p32 I    Pending Actor request received for mTree.microeconomic_system.dispatcher.Dispatcher reqs None from ActorAddr-(T|:41101)
2025-11-29 16:44:28.058233 p78 I    Starting Actor mTree.microeconomic_system.dispatcher.Dispatcher at ActorAddr-(T|:45003) (parent ActorAddr-(T|:19000), admin ActorAddr-(T|:19000), srcHash None)
2025-11-29 16:44:28.071266 p78 ERR  _startChildActor exception Invalid Actor Specification: rps_environment
2025-11-29 16:45:59.055962 p32 I    ---- shutdown completed
